<?xml version="1.0" encoding="UTF-8"?>
<!-- Generated by org.testng.reporters.JUnitReportReporter -->
<testsuite skipped="0" hostname="DESKTOP-IO5FSVF" name="frameworkImplemention.CheckOutTestwithTestNG" tests="1" failures="0" timestamp="26 Oct 2021 16:51:03 GMT" time="69.637" errors="0">
  <testcase name="CheckOutTest" time="69.637" classname="frameworkImplemention.CheckOutTestwithTestNG"/>
</testsuite> <!-- frameworkImplemention.CheckOutTestwithTestNG -->
