<?xml version="1.0" encoding="UTF-8"?>
<!-- Generated by org.testng.reporters.JUnitReportReporter -->
<testsuite skipped="0" hostname="DESKTOP-IO5FSVF" name="frameworkImplemention.RegistrationPageTestwithTestNG" tests="1" failures="0" timestamp="25 Oct 2021 07:14:36 GMT" time="21.981" errors="0">
  <testcase name="RegistrationTest" time="21.981" classname="frameworkImplemention.RegistrationPageTestwithTestNG"/>
</testsuite> <!-- frameworkImplemention.RegistrationPageTestwithTestNG -->
