<?xml version="1.0" encoding="UTF-8"?>
<!-- Generated by org.testng.reporters.JUnitReportReporter -->
<testsuite skipped="0" hostname="DESKTOP-IO5FSVF" name="frameworkImplemention.ContractUsPageTestwithTestNG" tests="1" failures="0" timestamp="26 Oct 2021 06:49:07 GMT" time="16.479" errors="0">
  <testcase name="ContractUsTest" time="16.479" classname="frameworkImplemention.ContractUsPageTestwithTestNG"/>
</testsuite> <!-- frameworkImplemention.ContractUsPageTestwithTestNG -->
