<?xml version="1.0" encoding="UTF-8"?>
<!-- Generated by org.testng.reporters.JUnitReportReporter -->
<testsuite skipped="0" hostname="DESKTOP-IO5FSVF" name="frameworkImplemention.AddToCardTestwithTestNG" tests="1" failures="0" timestamp="26 Oct 2021 13:16:19 GMT" time="40.716" errors="0">
  <testcase name="AddToCardTest" time="40.716" classname="frameworkImplemention.AddToCardTestwithTestNG"/>
</testsuite> <!-- frameworkImplemention.AddToCardTestwithTestNG -->
