<?xml version="1.0" encoding="UTF-8"?>
<!-- Generated by org.testng.reporters.JUnitReportReporter -->
<testsuite skipped="0" hostname="DESKTOP-IO5FSVF" name="frameworkImplemention.LoginPageTestwithTestNG" tests="1" failures="0" timestamp="26 Oct 2021 16:12:44 GMT" time="10.868" errors="0">
  <testcase name="LoginTest" time="10.868" classname="frameworkImplemention.LoginPageTestwithTestNG"/>
</testsuite> <!-- frameworkImplemention.LoginPageTestwithTestNG -->
